Warnings in file C:\Users\ernes\Desktop\Test\Test\source\au_top.luc:
    Line 51, Column 6 : "main_timer" was never used
    Line 10, Column 4 : "io_button" was never used
    Line 43, Column 6 : "vc" was never used
Warnings in file C:\Users\ernes\Desktop\Test\Test\source\variable_counter.luc:
    Line 38, Column 12 : The signal "random_number.num" is wider than "debug" and the most significant bits will be dropped
Starting Vivado...

****** Vivado v2020.2 (64-bit)
  **** SW Build 3064766 on Wed Nov 18 09:12:45 MST 2020
  **** IP Build 3064653 on Wed Nov 18 14:17:31 MST 2020
    ** Copyright 1986-2020 Xilinx, Inc. All Rights Reserved.

source {C:\Users\ernes\Desktop\Test\Test\work\project.tcl}
# set projDir "C:/Users/ernes/Desktop/Test/Test/work/vivado"
# set projName "Test"
# set topName top
# set device xc7a35tftg256-1
# if {[file exists "$projDir/$projName"]} { file delete -force "$projDir/$projName" }
# create_project $projName "$projDir/$projName" -part $device
# set_property design_mode RTL [get_filesets sources_1]
# set verilogSources [list "C:/Users/ernes/Desktop/Test/Test/work/verilog/au_top_0.v" "C:/Users/ernes/Desktop/Test/Test/work/verilog/reset_conditioner_1.v" "C:/Users/ernes/Desktop/Test/Test/work/verilog/edge_detector_2.v" "C:/Users/ernes/Desktop/Test/Test/work/verilog/button_conditioner_3.v" "C:/Users/ernes/Desktop/Test/Test/work/verilog/variable_counter_4.v" "C:/Users/ernes/Desktop/Test/Test/work/verilog/counter_5.v" "C:/Users/ernes/Desktop/Test/Test/work/verilog/multi_seven_seg_6.v" "C:/Users/ernes/Desktop/Test/Test/work/verilog/multi_dec_ctr_7.v" "C:/Users/ernes/Desktop/Test/Test/work/verilog/pn_gen_8.v" "C:/Users/ernes/Desktop/Test/Test/work/verilog/alu16_9.v" "C:/Users/ernes/Desktop/Test/Test/work/verilog/look_up_table_10.v" "C:/Users/ernes/Desktop/Test/Test/work/verilog/pipeline_11.v" "C:/Users/ernes/Desktop/Test/Test/work/verilog/edge_detector_12.v" "C:/Users/ernes/Desktop/Test/Test/work/verilog/counter_13.v" "C:/Users/ernes/Desktop/Test/Test/work/verilog/counter_14.v" "C:/Users/ernes/Desktop/Test/Test/work/verilog/seven_seg_15.v" "C:/Users/ernes/Desktop/Test/Test/work/verilog/decoder_16.v" "C:/Users/ernes/Desktop/Test/Test/work/verilog/decimal_counter_17.v" "C:/Users/ernes/Desktop/Test/Test/work/verilog/decimal_counter_18.v" "C:/Users/ernes/Desktop/Test/Test/work/verilog/adder_19.v" "C:/Users/ernes/Desktop/Test/Test/work/verilog/boolean_20.v" "C:/Users/ernes/Desktop/Test/Test/work/verilog/shift_21.v" "C:/Users/ernes/Desktop/Test/Test/work/verilog/compare_22.v" "C:/Users/ernes/Desktop/Test/Test/work/verilog/multiplier_23.v" ]
# import_files -fileset [get_filesets sources_1] -force -norecurse $verilogSources
# set xdcSources [list "C:/Users/ernes/Desktop/Test/Test/work/constraint/io.xdc" "C:/Users/ernes/Desktop/Test/Test/work/constraint/alchitry.xdc" "C:/Program\ Files/Alchitry/Alchitry\ Labs/library/components/au.xdc" ]
# read_xdc $xdcSources
# set_property STEPS.WRITE_BITSTREAM.ARGS.BIN_FILE true [get_runs impl_1]
# update_compile_order -fileset sources_1
# launch_runs -runs synth_1 -jobs 8

[Tue Apr 12 20:25:45 2022] Launched synth_1...
Run output will be captured here: C:/Users/ernes/Desktop/Test/Test/work/vivado/Test/Test.runs/synth_1/runme.log
# wait_on_run synth_1
[Tue Apr 12 20:25:45 2022] Waiting for synth_1 to finish...

*** Running vivado
    with args -log au_top_0.vds -m64 -product Vivado -mode batch -messageDb vivado.pb -notrace -source au_top_0.tcl



****** Vivado v2020.2 (64-bit)
  **** SW Build 3064766 on Wed Nov 18 09:12:45 MST 2020
  **** IP Build 3064653 on Wed Nov 18 14:17:31 MST 2020
    ** Copyright 1986-2020 Xilinx, Inc. All Rights Reserved.

source au_top_0.tcl -notrace
Command: synth_design -top au_top_0 -part xc7a35tftg256-1
Starting synth_design
Attempting to get a license for feature 'Synthesis' and/or device 'xc7a35t'
INFO: [Common 17-349] Got license for feature 'Synthesis' and/or device 'xc7a35t'
INFO: [Device 21-403] Loading part xc7a35tftg256-1
INFO: [Synth 8-7079] Multithreading enabled for synth_design using a maximum of 2 processes.
INFO: [Synth 8-7078] Launching helper process for spawning children vivado processes
INFO: [Synth 8-7075] Helper process launched with PID 14184
---------------------------------------------------------------------------------
Starting RTL Elaboration : Time (s): cpu = 00:00:06 ; elapsed = 00:00:06 . Memory (MB): peak = 1000.305 ; gain = 0.000
---------------------------------------------------------------------------------
INFO: [Synth 8-6157] synthesizing module 'au_top_0' [C:/Users/ernes/Desktop/Test/Test/work/vivado/Test/Test.srcs/sources_1/imports/verilog/au_top_0.v:7]
INFO: [Synth 8-6157] synthesizing module 'reset_conditioner_1' [C:/Users/ernes/Desktop/Test/Test/work/vivado/Test/Test.srcs/sources_1/imports/verilog/reset_conditioner_1.v:11]
	Parameter STAGES bound to: 3'b100 
INFO: [Synth 8-6155] done synthesizing module 'reset_conditioner_1' (1#1) [C:/Users/ernes/Desktop/Test/Test/work/vivado/Test/Test.srcs/sources_1/imports/verilog/reset_conditioner_1.v:11]
INFO: [Synth 8-6157] synthesizing module 'edge_detector_2' [C:/Users/ernes/Desktop/Test/Test/work/vivado/Test/Test.srcs/sources_1/imports/verilog/edge_detector_2.v:12]
	Parameter RISE bound to: 1'b1 
	Parameter FALL bound to: 1'b0 
INFO: [Synth 8-6155] done synthesizing module 'edge_detector_2' (2#1) [C:/Users/ernes/Desktop/Test/Test/work/vivado/Test/Test.srcs/sources_1/imports/verilog/edge_detector_2.v:12]
INFO: [Synth 8-6157] synthesizing module 'button_conditioner_3' [C:/Users/ernes/Desktop/Test/Test/work/vivado/Test/Test.srcs/sources_1/imports/verilog/button_conditioner_3.v:13]
	Parameter CLK_FREQ bound to: 26'b10111110101111000010000000 
	Parameter MIN_DELAY bound to: 5'b10100 
	Parameter NUM_SYNC bound to: 2'b10 
INFO: [Synth 8-6157] synthesizing module 'pipeline_11' [C:/Users/ernes/Desktop/Test/Test/work/vivado/Test/Test.srcs/sources_1/imports/verilog/pipeline_11.v:11]
	Parameter DEPTH bound to: 2'b10 
INFO: [Synth 8-6155] done synthesizing module 'pipeline_11' (3#1) [C:/Users/ernes/Desktop/Test/Test/work/vivado/Test/Test.srcs/sources_1/imports/verilog/pipeline_11.v:11]
INFO: [Synth 8-6155] done synthesizing module 'button_conditioner_3' (4#1) [C:/Users/ernes/Desktop/Test/Test/work/vivado/Test/Test.srcs/sources_1/imports/verilog/button_conditioner_3.v:13]
INFO: [Synth 8-6157] synthesizing module 'variable_counter_4' [C:/Users/ernes/Desktop/Test/Test/work/vivado/Test/Test.srcs/sources_1/imports/verilog/variable_counter_4.v:11]
	Parameter SEED bound to: 128'b10000100001100100011001101010010001110100110000100111001011001100100001000111011011000100010010101100010010110010010110001100010 
INFO: [Synth 8-6157] synthesizing module 'edge_detector_12' [C:/Users/ernes/Desktop/Test/Test/work/vivado/Test/Test.srcs/sources_1/imports/verilog/edge_detector_12.v:12]
	Parameter RISE bound to: 1'b1 
	Parameter FALL bound to: 1'b1 
INFO: [Synth 8-6155] done synthesizing module 'edge_detector_12' (5#1) [C:/Users/ernes/Desktop/Test/Test/work/vivado/Test/Test.srcs/sources_1/imports/verilog/edge_detector_12.v:12]
INFO: [Synth 8-6157] synthesizing module 'counter_13' [C:/Users/ernes/Desktop/Test/Test/work/vivado/Test/Test.srcs/sources_1/imports/verilog/counter_13.v:14]
	Parameter SIZE bound to: 1'b1 
	Parameter DIV bound to: 5'b10101 
	Parameter TOP bound to: 1'b0 
	Parameter UP bound to: 1'b1 
	Parameter MAX_VALUE bound to: 22'b0111111111111111111111 
INFO: [Synth 8-6155] done synthesizing module 'counter_13' (6#1) [C:/Users/ernes/Desktop/Test/Test/work/vivado/Test/Test.srcs/sources_1/imports/verilog/counter_13.v:14]
INFO: [Synth 8-6157] synthesizing module 'counter_5' [C:/Users/ernes/Desktop/Test/Test/work/vivado/Test/Test.srcs/sources_1/imports/verilog/counter_5.v:14]
	Parameter SIZE bound to: 1'b1 
	Parameter DIV bound to: 5'b11010 
	Parameter TOP bound to: 1'b0 
	Parameter UP bound to: 1'b1 
	Parameter MAX_VALUE bound to: 27'b011111111111111111111111111 
INFO: [Synth 8-6155] done synthesizing module 'counter_5' (7#1) [C:/Users/ernes/Desktop/Test/Test/work/vivado/Test/Test.srcs/sources_1/imports/verilog/counter_5.v:14]
INFO: [Synth 8-6157] synthesizing module 'pn_gen_8' [C:/Users/ernes/Desktop/Test/Test/work/vivado/Test/Test.srcs/sources_1/imports/verilog/pn_gen_8.v:11]
	Parameter SEED bound to: 128'b10000100001100100011001101010010001110100110000100111001011001100100001000111011011000100010010101100010010110010010110001100010 
INFO: [Synth 8-6155] done synthesizing module 'pn_gen_8' (8#1) [C:/Users/ernes/Desktop/Test/Test/work/vivado/Test/Test.srcs/sources_1/imports/verilog/pn_gen_8.v:11]
WARNING: [Synth 8-151] case item 4'b1000 is unreachable [C:/Users/ernes/Desktop/Test/Test/work/vivado/Test/Test.srcs/sources_1/imports/verilog/variable_counter_4.v:100]
WARNING: [Synth 8-151] case item 4'b1001 is unreachable [C:/Users/ernes/Desktop/Test/Test/work/vivado/Test/Test.srcs/sources_1/imports/verilog/variable_counter_4.v:103]
WARNING: [Synth 8-151] case item 4'b1010 is unreachable [C:/Users/ernes/Desktop/Test/Test/work/vivado/Test/Test.srcs/sources_1/imports/verilog/variable_counter_4.v:106]
WARNING: [Synth 8-151] case item 4'b1011 is unreachable [C:/Users/ernes/Desktop/Test/Test/work/vivado/Test/Test.srcs/sources_1/imports/verilog/variable_counter_4.v:109]
WARNING: [Synth 8-151] case item 4'b1100 is unreachable [C:/Users/ernes/Desktop/Test/Test/work/vivado/Test/Test.srcs/sources_1/imports/verilog/variable_counter_4.v:112]
WARNING: [Synth 8-151] case item 4'b1101 is unreachable [C:/Users/ernes/Desktop/Test/Test/work/vivado/Test/Test.srcs/sources_1/imports/verilog/variable_counter_4.v:115]
WARNING: [Synth 8-151] case item 4'b1110 is unreachable [C:/Users/ernes/Desktop/Test/Test/work/vivado/Test/Test.srcs/sources_1/imports/verilog/variable_counter_4.v:118]
WARNING: [Synth 8-151] case item 4'b1111 is unreachable [C:/Users/ernes/Desktop/Test/Test/work/vivado/Test/Test.srcs/sources_1/imports/verilog/variable_counter_4.v:121]
INFO: [Synth 8-6155] done synthesizing module 'variable_counter_4' (9#1) [C:/Users/ernes/Desktop/Test/Test/work/vivado/Test/Test.srcs/sources_1/imports/verilog/variable_counter_4.v:11]
INFO: [Synth 8-6157] synthesizing module 'multi_seven_seg_6' [C:/Users/ernes/Desktop/Test/Test/work/vivado/Test/Test.srcs/sources_1/imports/verilog/multi_seven_seg_6.v:12]
	Parameter DIGITS bound to: 3'b100 
	Parameter DIV bound to: 5'b10000 
	Parameter DIGIT_BITS bound to: 2'b10 
INFO: [Synth 8-6157] synthesizing module 'counter_14' [C:/Users/ernes/Desktop/Test/Test/work/vivado/Test/Test.srcs/sources_1/imports/verilog/counter_14.v:14]
	Parameter SIZE bound to: 2'b10 
	Parameter DIV bound to: 5'b10000 
	Parameter TOP bound to: 4'b0011 
	Parameter UP bound to: 1'b1 
	Parameter MAX_VALUE bound to: 20'b00111111111111111111 
INFO: [Synth 8-6155] done synthesizing module 'counter_14' (10#1) [C:/Users/ernes/Desktop/Test/Test/work/vivado/Test/Test.srcs/sources_1/imports/verilog/counter_14.v:14]
INFO: [Synth 8-6157] synthesizing module 'seven_seg_15' [C:/Users/ernes/Desktop/Test/Test/work/vivado/Test/Test.srcs/sources_1/imports/verilog/seven_seg_15.v:7]
INFO: [Synth 8-6155] done synthesizing module 'seven_seg_15' (11#1) [C:/Users/ernes/Desktop/Test/Test/work/vivado/Test/Test.srcs/sources_1/imports/verilog/seven_seg_15.v:7]
INFO: [Synth 8-6157] synthesizing module 'decoder_16' [C:/Users/ernes/Desktop/Test/Test/work/vivado/Test/Test.srcs/sources_1/imports/verilog/decoder_16.v:11]
	Parameter WIDTH bound to: 2'b10 
INFO: [Synth 8-6155] done synthesizing module 'decoder_16' (12#1) [C:/Users/ernes/Desktop/Test/Test/work/vivado/Test/Test.srcs/sources_1/imports/verilog/decoder_16.v:11]
INFO: [Synth 8-6155] done synthesizing module 'multi_seven_seg_6' (13#1) [C:/Users/ernes/Desktop/Test/Test/work/vivado/Test/Test.srcs/sources_1/imports/verilog/multi_seven_seg_6.v:12]
INFO: [Synth 8-6157] synthesizing module 'multi_dec_ctr_7' [C:/Users/ernes/Desktop/Test/Test/work/vivado/Test/Test.srcs/sources_1/imports/verilog/multi_dec_ctr_7.v:11]
	Parameter DIGITS bound to: 2'b10 
INFO: [Synth 8-6157] synthesizing module 'decimal_counter_17' [C:/Users/ernes/Desktop/Test/Test/work/vivado/Test/Test.srcs/sources_1/imports/verilog/decimal_counter_17.v:11]
	Parameter INIT bound to: 1'b0 
INFO: [Synth 8-6155] done synthesizing module 'decimal_counter_17' (14#1) [C:/Users/ernes/Desktop/Test/Test/work/vivado/Test/Test.srcs/sources_1/imports/verilog/decimal_counter_17.v:11]
INFO: [Synth 8-6157] synthesizing module 'decimal_counter_18' [C:/Users/ernes/Desktop/Test/Test/work/vivado/Test/Test.srcs/sources_1/imports/verilog/decimal_counter_18.v:11]
	Parameter INIT bound to: 3'b110 
INFO: [Synth 8-6155] done synthesizing module 'decimal_counter_18' (15#1) [C:/Users/ernes/Desktop/Test/Test/work/vivado/Test/Test.srcs/sources_1/imports/verilog/decimal_counter_18.v:11]
INFO: [Synth 8-6155] done synthesizing module 'multi_dec_ctr_7' (16#1) [C:/Users/ernes/Desktop/Test/Test/work/vivado/Test/Test.srcs/sources_1/imports/verilog/multi_dec_ctr_7.v:11]
INFO: [Synth 8-6157] synthesizing module 'alu16_9' [C:/Users/ernes/Desktop/Test/Test/work/vivado/Test/Test.srcs/sources_1/imports/verilog/alu16_9.v:7]
INFO: [Synth 8-6157] synthesizing module 'adder_19' [C:/Users/ernes/Desktop/Test/Test/work/vivado/Test/Test.srcs/sources_1/imports/verilog/adder_19.v:7]
INFO: [Synth 8-6155] done synthesizing module 'adder_19' (17#1) [C:/Users/ernes/Desktop/Test/Test/work/vivado/Test/Test.srcs/sources_1/imports/verilog/adder_19.v:7]
INFO: [Synth 8-6157] synthesizing module 'boolean_20' [C:/Users/ernes/Desktop/Test/Test/work/vivado/Test/Test.srcs/sources_1/imports/verilog/boolean_20.v:7]
INFO: [Synth 8-6155] done synthesizing module 'boolean_20' (18#1) [C:/Users/ernes/Desktop/Test/Test/work/vivado/Test/Test.srcs/sources_1/imports/verilog/boolean_20.v:7]
INFO: [Synth 8-6157] synthesizing module 'shift_21' [C:/Users/ernes/Desktop/Test/Test/work/vivado/Test/Test.srcs/sources_1/imports/verilog/shift_21.v:7]
INFO: [Synth 8-6155] done synthesizing module 'shift_21' (19#1) [C:/Users/ernes/Desktop/Test/Test/work/vivado/Test/Test.srcs/sources_1/imports/verilog/shift_21.v:7]
INFO: [Synth 8-6157] synthesizing module 'compare_22' [C:/Users/ernes/Desktop/Test/Test/work/vivado/Test/Test.srcs/sources_1/imports/verilog/compare_22.v:7]
INFO: [Synth 8-6155] done synthesizing module 'compare_22' (20#1) [C:/Users/ernes/Desktop/Test/Test/work/vivado/Test/Test.srcs/sources_1/imports/verilog/compare_22.v:7]
INFO: [Synth 8-6157] synthesizing module 'multiplier_23' [C:/Users/ernes/Desktop/Test/Test/work/vivado/Test/Test.srcs/sources_1/imports/verilog/multiplier_23.v:7]
INFO: [Synth 8-6155] done synthesizing module 'multiplier_23' (21#1) [C:/Users/ernes/Desktop/Test/Test/work/vivado/Test/Test.srcs/sources_1/imports/verilog/multiplier_23.v:7]
INFO: [Synth 8-6155] done synthesizing module 'alu16_9' (22#1) [C:/Users/ernes/Desktop/Test/Test/work/vivado/Test/Test.srcs/sources_1/imports/verilog/alu16_9.v:7]
INFO: [Synth 8-6157] synthesizing module 'look_up_table_10' [C:/Users/ernes/Desktop/Test/Test/work/vivado/Test/Test.srcs/sources_1/imports/verilog/look_up_table_10.v:7]
INFO: [Synth 8-226] default block is never used [C:/Users/ernes/Desktop/Test/Test/work/vivado/Test/Test.srcs/sources_1/imports/verilog/look_up_table_10.v:16]
INFO: [Synth 8-6155] done synthesizing module 'look_up_table_10' (23#1) [C:/Users/ernes/Desktop/Test/Test/work/vivado/Test/Test.srcs/sources_1/imports/verilog/look_up_table_10.v:7]
INFO: [Synth 8-6155] done synthesizing module 'au_top_0' (24#1) [C:/Users/ernes/Desktop/Test/Test/work/vivado/Test/Test.srcs/sources_1/imports/verilog/au_top_0.v:7]
---------------------------------------------------------------------------------
Finished RTL Elaboration : Time (s): cpu = 00:00:07 ; elapsed = 00:00:08 . Memory (MB): peak = 1000.305 ; gain = 0.000
---------------------------------------------------------------------------------
---------------------------------------------------------------------------------
Start Handling Custom Attributes
---------------------------------------------------------------------------------
---------------------------------------------------------------------------------
Finished Handling Custom Attributes : Time (s): cpu = 00:00:08 ; elapsed = 00:00:09 . Memory (MB): peak = 1000.305 ; gain = 0.000
---------------------------------------------------------------------------------
---------------------------------------------------------------------------------
Finished RTL Optimization Phase 1 : Time (s): cpu = 00:00:08 ; elapsed = 00:00:09 . Memory (MB): peak = 1000.305 ; gain = 0.000
---------------------------------------------------------------------------------
Netlist sorting complete. Time (s): cpu = 00:00:00 ; elapsed = 00:00:00.032 . Memory (MB): peak = 1000.305 ; gain = 0.000
INFO: [Project 1-570] Preparing netlist for logic optimization

Processing XDC Constraints
Initializing timing engine
Parsing XDC File [C:/Users/ernes/Desktop/Test/Test/work/constraint/io.xdc]
Finished Parsing XDC File [C:/Users/ernes/Desktop/Test/Test/work/constraint/io.xdc]
INFO: [Project 1-236] Implementation specific constraints were found while reading constraint file [C:/Users/ernes/Desktop/Test/Test/work/constraint/io.xdc]. These constraints will be ignored for synthesis but will be used in implementation. Impacted constraints are listed in the file [.Xil/au_top_0_propImpl.xdc].
Resolution: To avoid this warning, move constraints listed in [.Xil/au_top_0_propImpl.xdc] to another XDC file and exclude this new file from synthesis with the used_in_synthesis property (File Properties dialog in GUI) and re-run elaboration/synthesis.
Parsing XDC File [C:/Users/ernes/Desktop/Test/Test/work/constraint/alchitry.xdc]
Finished Parsing XDC File [C:/Users/ernes/Desktop/Test/Test/work/constraint/alchitry.xdc]
INFO: [Project 1-236] Implementation specific constraints were found while reading constraint file [C:/Users/ernes/Desktop/Test/Test/work/constraint/alchitry.xdc]. These constraints will be ignored for synthesis but will be used in implementation. Impacted constraints are listed in the file [.Xil/au_top_0_propImpl.xdc].
Resolution: To avoid this warning, move constraints listed in [.Xil/au_top_0_propImpl.xdc] to another XDC file and exclude this new file from synthesis with the used_in_synthesis property (File Properties dialog in GUI) and re-run elaboration/synthesis.
Parsing XDC File [C:/Program Files/Alchitry/Alchitry Labs/library/components/au.xdc]
Finished Parsing XDC File [C:/Program Files/Alchitry/Alchitry Labs/library/components/au.xdc]
Completed Processing XDC Constraints

Netlist sorting complete. Time (s): cpu = 00:00:00 ; elapsed = 00:00:00.001 . Memory (MB): peak = 1000.305 ; gain = 0.000
INFO: [Project 1-111] Unisim Transformation Summary:
No Unisim elements were transformed.

Constraint Validation Runtime : Time (s): cpu = 00:00:00 ; elapsed = 00:00:00.012 . Memory (MB): peak = 1000.305 ; gain = 0.000
---------------------------------------------------------------------------------
Finished Constraint Validation : Time (s): cpu = 00:00:20 ; elapsed = 00:00:22 . Memory (MB): peak = 1000.305 ; gain = 0.000
---------------------------------------------------------------------------------
---------------------------------------------------------------------------------
Start Loading Part and Timing Information
---------------------------------------------------------------------------------
Loading part: xc7a35tftg256-1
---------------------------------------------------------------------------------
Finished Loading Part and Timing Information : Time (s): cpu = 00:00:20 ; elapsed = 00:00:22 . Memory (MB): peak = 1000.305 ; gain = 0.000
---------------------------------------------------------------------------------
---------------------------------------------------------------------------------
Start Applying 'set_property' XDC Constraints
---------------------------------------------------------------------------------
---------------------------------------------------------------------------------
Finished applying 'set_property' XDC Constraints : Time (s): cpu = 00:00:20 ; elapsed = 00:00:22 . Memory (MB): peak = 1000.305 ; gain = 0.000
---------------------------------------------------------------------------------
---------------------------------------------------------------------------------
Finished RTL Optimization Phase 2 : Time (s): cpu = 00:00:21 ; elapsed = 00:00:23 . Memory (MB): peak = 1000.305 ; gain = 0.000
---------------------------------------------------------------------------------
---------------------------------------------------------------------------------
Start RTL Component Statistics 
---------------------------------------------------------------------------------
Detailed RTL Component Info : 
+---Adders : 
	   2 Input   18 Bit       Adders := 1     
	   3 Input   16 Bit       Adders := 1     
	   2 Input   16 Bit       Adders := 3     
	   2 Input    4 Bit       Adders := 2     
	   2 Input    3 Bit       Adders := 1     
+---XORs : 
	   2 Input     32 Bit         XORs := 4     
	   4 Input     32 Bit         XORs := 2     
	   2 Input     16 Bit         XORs := 1     
	   2 Input      1 Bit         XORs := 2     
+---Registers : 
	               32 Bit    Registers := 8     
	               18 Bit    Registers := 1     
	                4 Bit    Registers := 7     
	                3 Bit    Registers := 1     
	                2 Bit    Registers := 4     
	                1 Bit    Registers := 7     
+---Muxes : 
	   2 Input   32 Bit        Muxes := 2     
	   2 Input   18 Bit        Muxes := 1     
	   2 Input   16 Bit        Muxes := 7     
	   5 Input   16 Bit        Muxes := 2     
	   4 Input   16 Bit        Muxes := 3     
	   3 Input   16 Bit        Muxes := 1     
	   2 Input    6 Bit        Muxes := 1     
	   5 Input    6 Bit        Muxes := 1     
	   4 Input    4 Bit        Muxes := 1     
	   2 Input    4 Bit        Muxes := 6     
	  16 Input    4 Bit        Muxes := 4     
	   2 Input    3 Bit        Muxes := 1     
	   2 Input    1 Bit        Muxes := 16    
	   4 Input    1 Bit        Muxes := 3     
---------------------------------------------------------------------------------
Finished RTL Component Statistics 
---------------------------------------------------------------------------------
---------------------------------------------------------------------------------
Start Part Resource Summary
---------------------------------------------------------------------------------
Part Resources:
DSPs: 90 (col length:60)
BRAMs: 100 (col length: RAMB18 60 RAMB36 30)
---------------------------------------------------------------------------------
Finished Part Resource Summary
---------------------------------------------------------------------------------
---------------------------------------------------------------------------------
Start Cross Boundary and Area Optimization
---------------------------------------------------------------------------------
DSP Report: Generating DSP mul/out0, operation Mode is: A*B.
DSP Report: operator mul/out0 is absorbed into DSP mul/out0.
---------------------------------------------------------------------------------
Finished Cross Boundary and Area Optimization : Time (s): cpu = 00:00:26 ; elapsed = 00:00:28 . Memory (MB): peak = 1000.305 ; gain = 0.000
---------------------------------------------------------------------------------
---------------------------------------------------------------------------------
Start ROM, RAM, DSP, Shift Register and Retiming Reporting
---------------------------------------------------------------------------------

DSP: Preliminary Mapping	Report (see note below)
+--------------+-------------+--------+--------+--------+--------+--------+------+------+------+------+-------+------+------+
|Module Name   | DSP Mapping | A Size | B Size | C Size | D Size | P Size | AREG | BREG | CREG | DREG | ADREG | MREG | PREG | 
+--------------+-------------+--------+--------+--------+--------+--------+------+------+------+------+-------+------+------+
|multiplier_23 | A*B         | 16     | 16     | -      | -      | 32     | 0    | 0    | -    | -    | -     | 0    | 0    | 
+--------------+-------------+--------+--------+--------+--------+--------+------+------+------+------+-------+------+------+

Note: The table above is a preliminary report that shows the DSPs inferred at the current stage of the synthesis flow. Some DSP may be reimplemented as non DSP primitives later in the synthesis flow. Multiple instantiated DSPs are reported only once.
---------------------------------------------------------------------------------
Finished ROM, RAM, DSP, Shift Register and Retiming Reporting
---------------------------------------------------------------------------------
---------------------------------------------------------------------------------
Start Applying XDC Timing Constraints
---------------------------------------------------------------------------------
---------------------------------------------------------------------------------
Finished Applying XDC Timing Constraints : Time (s): cpu = 00:00:35 ; elapsed = 00:00:38 . Memory (MB): peak = 1000.305 ; gain = 0.000
---------------------------------------------------------------------------------
---------------------------------------------------------------------------------
Start Timing Optimization
---------------------------------------------------------------------------------
---------------------------------------------------------------------------------
Finished Timing Optimization : Time (s): cpu = 00:00:37 ; elapsed = 00:00:39 . Memory (MB): peak = 1000.305 ; gain = 0.000
---------------------------------------------------------------------------------
---------------------------------------------------------------------------------
Start Technology Mapping
---------------------------------------------------------------------------------
---------------------------------------------------------------------------------
Finished Technology Mapping : Time (s): cpu = 00:00:37 ; elapsed = 00:00:40 . Memory (MB): peak = 1000.305 ; gain = 0.000
---------------------------------------------------------------------------------
---------------------------------------------------------------------------------
Start IO Insertion
---------------------------------------------------------------------------------
---------------------------------------------------------------------------------
Start Flattening Before IO Insertion
---------------------------------------------------------------------------------
---------------------------------------------------------------------------------
Finished Flattening Before IO Insertion
---------------------------------------------------------------------------------
---------------------------------------------------------------------------------
Start Final Netlist Cleanup
---------------------------------------------------------------------------------
---------------------------------------------------------------------------------
Finished Final Netlist Cleanup
---------------------------------------------------------------------------------
---------------------------------------------------------------------------------
Finished IO Insertion : Time (s): cpu = 00:00:44 ; elapsed = 00:00:47 . Memory (MB): peak = 1000.305 ; gain = 0.000
---------------------------------------------------------------------------------
---------------------------------------------------------------------------------
Start Renaming Generated Instances
---------------------------------------------------------------------------------
---------------------------------------------------------------------------------
Finished Renaming Generated Instances : Time (s): cpu = 00:00:44 ; elapsed = 00:00:47 . Memory (MB): peak = 1000.305 ; gain = 0.000
---------------------------------------------------------------------------------
---------------------------------------------------------------------------------
Start Rebuilding User Hierarchy
---------------------------------------------------------------------------------
---------------------------------------------------------------------------------
Finished Rebuilding User Hierarchy : Time (s): cpu = 00:00:44 ; elapsed = 00:00:47 . Memory (MB): peak = 1000.305 ; gain = 0.000
---------------------------------------------------------------------------------
---------------------------------------------------------------------------------
Start Renaming Generated Ports
---------------------------------------------------------------------------------
---------------------------------------------------------------------------------
Finished Renaming Generated Ports : Time (s): cpu = 00:00:44 ; elapsed = 00:00:47 . Memory (MB): peak = 1000.305 ; gain = 0.000
---------------------------------------------------------------------------------
---------------------------------------------------------------------------------
Start Handling Custom Attributes
---------------------------------------------------------------------------------
---------------------------------------------------------------------------------
Finished Handling Custom Attributes : Time (s): cpu = 00:00:44 ; elapsed = 00:00:47 . Memory (MB): peak = 1000.305 ; gain = 0.000
---------------------------------------------------------------------------------
---------------------------------------------------------------------------------
Start Renaming Generated Nets
---------------------------------------------------------------------------------
---------------------------------------------------------------------------------
Finished Renaming Generated Nets : Time (s): cpu = 00:00:44 ; elapsed = 00:00:47 . Memory (MB): peak = 1000.305 ; gain = 0.000
---------------------------------------------------------------------------------
---------------------------------------------------------------------------------
Start Writing Synthesis Report
---------------------------------------------------------------------------------

Report BlackBoxes: 
+-+--------------+----------+
| |BlackBox name |Instances |
+-+--------------+----------+
+-+--------------+----------+

Report Cell Usage: 
+------+-------+------+
|      |Cell   |Count |
+------+-------+------+
|1     |BUFG   |     1|
|2     |CARRY4 |    33|
|3     |LUT1   |    18|
|4     |LUT2   |    29|
|5     |LUT3   |    12|
|6     |LUT4   |    51|
|7     |LUT5   |    28|
|8     |LUT6   |    41|
|9     |FDRE   |   234|
|10    |FDSE   |    63|
|11    |IBUF   |     7|
|12    |OBUF   |    45|
+------+-------+------+
---------------------------------------------------------------------------------
Finished Writing Synthesis Report : Time (s): cpu = 00:00:44 ; elapsed = 00:00:47 . Memory (MB): peak = 1000.305 ; gain = 0.000
---------------------------------------------------------------------------------
Synthesis finished with 0 errors, 0 critical warnings and 0 warnings.
Synthesis Optimization Runtime : Time (s): cpu = 00:00:32 ; elapsed = 00:00:43 . Memory (MB): peak = 1000.305 ; gain = 0.000
Synthesis Optimization Complete : Time (s): cpu = 00:00:44 ; elapsed = 00:00:47 . Memory (MB): peak = 1000.305 ; gain = 0.000
INFO: [Project 1-571] Translating synthesized netlist
Netlist sorting complete. Time (s): cpu = 00:00:00 ; elapsed = 00:00:00.008 . Memory (MB): peak = 1002.465 ; gain = 0.000
INFO: [Netlist 29-17] Analyzing 33 Unisim elements for replacement
INFO: [Netlist 29-28] Unisim Transformation completed in 0 CPU seconds
INFO: [Project 1-570] Preparing netlist for logic optimization
INFO: [Opt 31-138] Pushed 0 inverter(s) to 0 load pin(s).
Netlist sorting complete. Time (s): cpu = 00:00:00 ; elapsed = 00:00:00.001 . Memory (MB): peak = 1002.465 ; gain = 0.000
INFO: [Project 1-111] Unisim Transformation Summary:
No Unisim elements were transformed.

INFO: [Common 17-83] Releasing license: Synthesis
65 Infos, 8 Warnings, 0 Critical Warnings and 0 Errors encountered.
synth_design completed successfully
synth_design: Time (s): cpu = 00:00:53 ; elapsed = 00:00:57 . Memory (MB): peak = 1002.465 ; gain = 2.160
INFO: [Common 17-1381] The checkpoint 'C:/Users/ernes/Desktop/Test/Test/work/vivado/Test/Test.runs/synth_1/au_top_0.dcp' has been generated.
INFO: [runtcl-4] Executing : report_utilization -file au_top_0_utilization_synth.rpt -pb au_top_0_utilization_synth.pb
INFO: [Common 17-206] Exiting Vivado at Tue Apr 12 20:26:52 2022...
[Tue Apr 12 20:26:55 2022] synth_1 finished
wait_on_run: Time (s): cpu = 00:00:00 ; elapsed = 00:01:10 . Memory (MB): peak = 999.828 ; gain = 0.000
# launch_runs impl_1 -to_step write_bitstream -jobs 8
[Tue Apr 12 20:26:56 2022] Launched impl_1...
Run output will be captured here: C:/Users/ernes/Desktop/Test/Test/work/vivado/Test/Test.runs/impl_1/runme.log
# wait_on_run impl_1
[Tue Apr 12 20:26:56 2022] Waiting for impl_1 to finish...


*** Running vivado
    with args -log au_top_0.vdi -applog -m64 -product Vivado -messageDb vivado.pb -mode batch -source au_top_0.tcl -notrace



****** Vivado v2020.2 (64-bit)
  **** SW Build 3064766 on Wed Nov 18 09:12:45 MST 2020
  **** IP Build 3064653 on Wed Nov 18 14:17:31 MST 2020
    ** Copyright 1986-2020 Xilinx, Inc. All Rights Reserved.

source au_top_0.tcl -notrace
Command: link_design -top au_top_0 -part xc7a35tftg256-1
Design is defaulting to srcset: sources_1
Design is defaulting to constrset: constrs_1
INFO: [Device 21-403] Loading part xc7a35tftg256-1
Netlist sorting complete. Time (s): cpu = 00:00:00 ; elapsed = 00:00:00.011 . Memory (MB): peak = 999.680 ; gain = 0.000
INFO: [Netlist 29-17] Analyzing 33 Unisim elements for replacement
INFO: [Netlist 29-28] Unisim Transformation completed in 0 CPU seconds
INFO: [Project 1-479] Netlist was created with Vivado 2020.2
INFO: [Project 1-570] Preparing netlist for logic optimization
Parsing XDC File [C:/Users/ernes/Desktop/Test/Test/work/constraint/io.xdc]
Finished Parsing XDC File [C:/Users/ernes/Desktop/Test/Test/work/constraint/io.xdc]
Parsing XDC File [C:/Users/ernes/Desktop/Test/Test/work/constraint/alchitry.xdc]
Finished Parsing XDC File [C:/Users/ernes/Desktop/Test/Test/work/constraint/alchitry.xdc]
Parsing XDC File [C:/Program Files/Alchitry/Alchitry Labs/library/components/au.xdc]
Finished Parsing XDC File [C:/Program Files/Alchitry/Alchitry Labs/library/components/au.xdc]
INFO: [Opt 31-138] Pushed 0 inverter(s) to 0 load pin(s).
Netlist sorting complete. Time (s): cpu = 00:00:00 ; elapsed = 00:00:00 . Memory (MB): peak = 999.680 ; gain = 0.000
INFO: [Project 1-111] Unisim Transformation Summary:
No Unisim elements were transformed.

7 Infos, 0 Warnings, 0 Critical Warnings and 0 Errors encountered.
link_design completed successfully
link_design: Time (s): cpu = 00:00:10 ; elapsed = 00:00:11 . Memory (MB): peak = 999.680 ; gain = 0.000
Command: opt_design
Attempting to get a license for feature 'Implementation' and/or device 'xc7a35t'
INFO: [Common 17-349] Got license for feature 'Implementation' and/or device 'xc7a35t'
Running DRC as a precondition to command opt_design

Starting DRC Task
INFO: [DRC 23-27] Running DRC with 2 threads
INFO: [Project 1-461] DRC finished with 0 Errors
INFO: [Project 1-462] Please refer to the DRC report (report_drc) for more information.

Time (s): cpu = 00:00:02 ; elapsed = 00:00:02 . Memory (MB): peak = 999.680 ; gain = 0.000

Starting Cache Timing Information Task
INFO: [Timing 38-35] Done setting XDC timing constraints.
Ending Cache Timing Information Task | Checksum: 1063d6875

Time (s): cpu = 00:00:10 ; elapsed = 00:00:10 . Memory (MB): peak = 1243.961 ; gain = 244.281

Starting Logic Optimization Task

Phase 1 Retarget
INFO: [Opt 31-138] Pushed 0 inverter(s) to 0 load pin(s).
INFO: [Opt 31-49] Retargeted 0 cell(s).
Phase 1 Retarget | Checksum: b407bf45

Time (s): cpu = 00:00:00 ; elapsed = 00:00:00.062 . Memory (MB): peak = 1454.324 ; gain = 0.000
INFO: [Opt 31-389] Phase Retarget created 0 cells and removed 1 cells

Phase 2 Constant propagation
INFO: [Opt 31-138] Pushed 0 inverter(s) to 0 load pin(s).
Phase 2 Constant propagation | Checksum: f04c78a7

Time (s): cpu = 00:00:00 ; elapsed = 00:00:00.074 . Memory (MB): peak = 1454.324 ; gain = 0.000
INFO: [Opt 31-389] Phase Constant propagation created 0 cells and removed 0 cells

Phase 3 Sweep
Phase 3 Sweep | Checksum: 1594920ed

Time (s): cpu = 00:00:00 ; elapsed = 00:00:00.098 . Memory (MB): peak = 1454.324 ; gain = 0.000
INFO: [Opt 31-389] Phase Sweep created 15 cells and removed 0 cells

Phase 4 BUFG optimization
Phase 4 BUFG optimization | Checksum: 1594920ed

Time (s): cpu = 00:00:00 ; elapsed = 00:00:00.112 . Memory (MB): peak = 1454.324 ; gain = 0.000
INFO: [Opt 31-662] Phase BUFG optimization created 0 cells of which 0 are BUFGs and removed 0 cells.

Phase 5 Shift Register Optimization
INFO: [Opt 31-1064] SRL Remap converted 0 SRLs to 0 registers and converted 0 registers of register chains to 0 SRLs
Phase 5 Shift Register Optimization | Checksum: 1594920ed

Time (s): cpu = 00:00:00 ; elapsed = 00:00:00.115 . Memory (MB): peak = 1454.324 ; gain = 0.000
INFO: [Opt 31-389] Phase Shift Register Optimization created 0 cells and removed 0 cells

Phase 6 Post Processing Netlist
Phase 6 Post Processing Netlist | Checksum: 1594920ed

Time (s): cpu = 00:00:00 ; elapsed = 00:00:00.120 . Memory (MB): peak = 1454.324 ; gain = 0.000
INFO: [Opt 31-389] Phase Post Processing Netlist created 0 cells and removed 0 cells
Opt_design Change Summary
=========================


-------------------------------------------------------------------------------------------------------------------------
|  Phase                        |  #Cells created  |  #Cells Removed  |  #Constrained objects preventing optimizations  |
-------------------------------------------------------------------------------------------------------------------------
|  Retarget                     |               0  |               1  |                                              0  |
|  Constant propagation         |               0  |               0  |                                              0  |
|  Sweep                        |              15  |               0  |                                              0  |
|  BUFG optimization            |               0  |               0  |                                              0  |
|  Shift Register Optimization  |               0  |               0  |                                              0  |
|  Post Processing Netlist      |               0  |               0  |                                              0  |
-------------------------------------------------------------------------------------------------------------------------



Starting Connectivity Check Task

Time (s): cpu = 00:00:00 ; elapsed = 00:00:00.001 . Memory (MB): peak = 1454.324 ; gain = 0.000
Ending Logic Optimization Task | Checksum: 216aa19f0

Time (s): cpu = 00:00:00 ; elapsed = 00:00:00.159 . Memory (MB): peak = 1454.324 ; gain = 0.000

Starting Power Optimization Task
INFO: [Pwropt 34-132] Skipping clock gating for clocks with a period < 2.00 ns.
Ending Power Optimization Task | Checksum: 216aa19f0

Time (s): cpu = 00:00:00 ; elapsed = 00:00:00.014 . Memory (MB): peak = 1454.324 ; gain = 0.000

Starting Final Cleanup Task
Ending Final Cleanup Task | Checksum: 216aa19f0

Time (s): cpu = 00:00:00 ; elapsed = 00:00:00 . Memory (MB): peak = 1454.324 ; gain = 0.000

Starting Netlist Obfuscation Task
Netlist sorting complete. Time (s): cpu = 00:00:00 ; elapsed = 00:00:00.001 . Memory (MB): peak = 1454.324 ; gain = 0.000
Ending Netlist Obfuscation Task | Checksum: 216aa19f0

Time (s): cpu = 00:00:00 ; elapsed = 00:00:00.001 . Memory (MB): peak = 1454.324 ; gain = 0.000
INFO: [Common 17-83] Releasing license: Implementation
24 Infos, 0 Warnings, 0 Critical Warnings and 0 Errors encountered.
opt_design completed successfully
opt_design: Time (s): cpu = 00:00:16 ; elapsed = 00:00:16 . Memory (MB): peak = 1454.324 ; gain = 454.645
INFO: [Timing 38-480] Writing timing data to binary archive.
Writing placer database...
Writing XDEF routing.
Writing XDEF routing logical nets.
Writing XDEF routing special nets.
Write XDEF Complete: Time (s): cpu = 00:00:01 ; elapsed = 00:00:00.092 . Memory (MB): peak = 1454.324 ; gain = 0.000
INFO: [Common 17-1381] The checkpoint 'C:/Users/ernes/Desktop/Test/Test/work/vivado/Test/Test.runs/impl_1/au_top_0_opt.dcp' has been generated.
INFO: [runtcl-4] Executing : report_drc -file au_top_0_drc_opted.rpt -pb au_top_0_drc_opted.pb -rpx au_top_0_drc_opted.rpx
Command: report_drc -file au_top_0_drc_opted.rpt -pb au_top_0_drc_opted.pb -rpx au_top_0_drc_opted.rpx
INFO: [IP_Flow 19-234] Refreshing IP repositories
INFO: [IP_Flow 19-1704] No user IP repositories specified
INFO: [IP_Flow 19-2313] Loaded Vivado IP repository 'C:/Xilinx/Vivado/2020.2/data/ip'.
INFO: [Timing 38-35] Done setting XDC timing constraints.
INFO: [DRC 23-27] Running DRC with 2 threads
INFO: [Coretcl 2-168] The results of DRC are in file C:/Users/ernes/Desktop/Test/Test/work/vivado/Test/Test.runs/impl_1/au_top_0_drc_opted.rpt.
report_drc completed successfully
Command: place_design
Attempting to get a license for feature 'Implementation' and/or device 'xc7a35t'
INFO: [Common 17-349] Got license for feature 'Implementation' and/or device 'xc7a35t'
INFO: [DRC 23-27] Running DRC with 2 threads
INFO: [Vivado_Tcl 4-198] DRC finished with 0 Errors
INFO: [Vivado_Tcl 4-199] Please refer to the DRC report (report_drc) for more information.
Running DRC as a precondition to command place_design
INFO: [DRC 23-27] Running DRC with 2 threads
INFO: [Vivado_Tcl 4-198] DRC finished with 0 Errors
INFO: [Vivado_Tcl 4-199] Please refer to the DRC report (report_drc) for more information.

Starting Placer Task
INFO: [Place 30-611] Multithreading enabled for place_design using a maximum of 2 CPUs

Phase 1 Placer Initialization

Phase 1.1 Placer Initialization Netlist Sorting
Netlist sorting complete. Time (s): cpu = 00:00:00 ; elapsed = 00:00:00.001 . Memory (MB): peak = 1499.477 ; gain = 0.000
Phase 1.1 Placer Initialization Netlist Sorting | Checksum: 12917949e

Time (s): cpu = 00:00:00 ; elapsed = 00:00:00.023 . Memory (MB): peak = 1499.477 ; gain = 0.000
Netlist sorting complete. Time (s): cpu = 00:00:00 ; elapsed = 00:00:00.001 . Memory (MB): peak = 1499.477 ; gain = 0.000

Phase 1.2 IO Placement/ Clock Placement/ Build Placer Device
Phase 1.2 IO Placement/ Clock Placement/ Build Placer Device | Checksum: 14dbaf627

Time (s): cpu = 00:00:01 ; elapsed = 00:00:00.685 . Memory (MB): peak = 1499.477 ; gain = 0.000

Phase 1.3 Build Placer Netlist Model
Phase 1.3 Build Placer Netlist Model | Checksum: 1f7af447c

Time (s): cpu = 00:00:02 ; elapsed = 00:00:00.906 . Memory (MB): peak = 1499.477 ; gain = 0.000

Phase 1.4 Constrain Clocks/Macros
Phase 1.4 Constrain Clocks/Macros | Checksum: 1f7af447c

Time (s): cpu = 00:00:02 ; elapsed = 00:00:00.910 . Memory (MB): peak = 1499.477 ; gain = 0.000
Phase 1 Placer Initialization | Checksum: 1f7af447c

Time (s): cpu = 00:00:02 ; elapsed = 00:00:00.915 . Memory (MB): peak = 1499.477 ; gain = 0.000

Phase 2 Global Placement

Phase 2.1 Floorplanning
Phase 2.1 Floorplanning | Checksum: 20368b482

Time (s): cpu = 00:00:02 ; elapsed = 00:00:01 . Memory (MB): peak = 1499.477 ; gain = 0.000

Phase 2.2 Update Timing before SLR Path Opt
Phase 2.2 Update Timing before SLR Path Opt | Checksum: 24caa190e

Time (s): cpu = 00:00:02 ; elapsed = 00:00:01 . Memory (MB): peak = 1499.477 ; gain = 0.000

Phase 2.3 Global Placement Core

Phase 2.3.1 Physical Synthesis In Placer
INFO: [Physopt 32-1044] Break lutnm for timing: one critical 0, two critical 0, total 0, new lutff created 0
INFO: [Physopt 32-775] End 1 Pass. Optimized 0 net or cell. Created 0 new cell, deleted 0 existing cell and moved 0 existing cell
INFO: [Physopt 32-65] No nets found for high-fanout optimization.
INFO: [Physopt 32-232] Optimized 0 net. Created 0 new instance.
INFO: [Physopt 32-775] End 1 Pass. Optimized 0 net or cell. Created 0 new cell, deleted 0 existing cell and moved 0 existing cell
INFO: [Physopt 32-670] No setup violation found.  DSP Register Optimization was not performed.
INFO: [Physopt 32-670] No setup violation found.  Shift Register to Pipeline Optimization was not performed.
INFO: [Physopt 32-670] No setup violation found.  Shift Register Optimization was not performed.
INFO: [Physopt 32-670] No setup violation found.  BRAM Register Optimization was not performed.
INFO: [Physopt 32-670] No setup violation found.  URAM Register Optimization was not performed.
INFO: [Physopt 32-949] No candidate nets found for dynamic/static region interface net replication
INFO: [Physopt 32-775] End 1 Pass. Optimized 0 net or cell. Created 0 new cell, deleted 0 existing cell and moved 0 existing cell
Netlist sorting complete. Time (s): cpu = 00:00:00 ; elapsed = 00:00:00.001 . Memory (MB): peak = 1499.477 ; gain = 0.000

Summary of Physical Synthesis Optimizations
============================================


-----------------------------------------------------------------------------------------------------------------------------------------------------------
|  Optimization                                     |  Added Cells  |  Removed Cells  |  Optimized Cells/Nets  |  Dont Touch  |  Iterations  |  Elapsed   |
-----------------------------------------------------------------------------------------------------------------------------------------------------------
|  LUT Combining                                    |            0  |              0  |                     0  |           0  |           1  |  00:00:00  |
|  Very High Fanout                                 |            0  |              0  |                     0  |           0  |           1  |  00:00:00  |
|  DSP Register                                     |            0  |              0  |                     0  |           0  |           0  |  00:00:00  |
|  Shift Register to Pipeline                       |            0  |              0  |                     0  |           0  |           0  |  00:00:00  |
|  Shift Register                                   |            0  |              0  |                     0  |           0  |           0  |  00:00:00  |
|  BRAM Register                                    |            0  |              0  |                     0  |           0  |           0  |  00:00:00  |
|  URAM Register                                    |            0  |              0  |                     0  |           0  |           0  |  00:00:00  |
|  Dynamic/Static Region Interface Net Replication  |            0  |              0  |                     0  |           0  |           1  |  00:00:00  |
|  Total                                            |            0  |              0  |                     0  |           0  |           3  |  00:00:00  |
-----------------------------------------------------------------------------------------------------------------------------------------------------------


Phase 2.3.1 Physical Synthesis In Placer | Checksum: 1c4f2033f

Time (s): cpu = 00:00:05 ; elapsed = 00:00:03 . Memory (MB): peak = 1499.477 ; gain = 0.000
Phase 2.3 Global Placement Core | Checksum: 22845e466

Time (s): cpu = 00:00:06 ; elapsed = 00:00:03 . Memory (MB): peak = 1499.477 ; gain = 0.000
Phase 2 Global Placement | Checksum: 22845e466

Time (s): cpu = 00:00:06 ; elapsed = 00:00:03 . Memory (MB): peak = 1499.477 ; gain = 0.000

Phase 3 Detail Placement

Phase 3.1 Commit Multi Column Macros
Phase 3.1 Commit Multi Column Macros | Checksum: 21ab863a6

Time (s): cpu = 00:00:06 ; elapsed = 00:00:04 . Memory (MB): peak = 1499.477 ; gain = 0.000

Phase 3.2 Commit Most Macros & LUTRAMs
Phase 3.2 Commit Most Macros & LUTRAMs | Checksum: 218a6ad9b

Time (s): cpu = 00:00:06 ; elapsed = 00:00:04 . Memory (MB): peak = 1499.477 ; gain = 0.000

Phase 3.3 Area Swap Optimization
Phase 3.3 Area Swap Optimization | Checksum: 23d1898f7

Time (s): cpu = 00:00:06 ; elapsed = 00:00:04 . Memory (MB): peak = 1499.477 ; gain = 0.000

Phase 3.4 Pipeline Register Optimization
Phase 3.4 Pipeline Register Optimization | Checksum: 251180e7f

Time (s): cpu = 00:00:06 ; elapsed = 00:00:04 . Memory (MB): peak = 1499.477 ; gain = 0.000

Phase 3.5 Small Shape Detail Placement
Phase 3.5 Small Shape Detail Placement | Checksum: 16760a364

Time (s): cpu = 00:00:06 ; elapsed = 00:00:04 . Memory (MB): peak = 1499.477 ; gain = 0.000

Phase 3.6 Re-assign LUT pins
Phase 3.6 Re-assign LUT pins | Checksum: 1b506fcb7

Time (s): cpu = 00:00:07 ; elapsed = 00:00:04 . Memory (MB): peak = 1499.477 ; gain = 0.000

Phase 3.7 Pipeline Register Optimization
Phase 3.7 Pipeline Register Optimization | Checksum: 1ac79b2b3

Time (s): cpu = 00:00:07 ; elapsed = 00:00:04 . Memory (MB): peak = 1499.477 ; gain = 0.000
Phase 3 Detail Placement | Checksum: 1ac79b2b3

Time (s): cpu = 00:00:07 ; elapsed = 00:00:04 . Memory (MB): peak = 1499.477 ; gain = 0.000

Phase 4 Post Placement Optimization and Clean-Up

Phase 4.1 Post Commit Optimization
INFO: [Timing 38-35] Done setting XDC timing constraints.

Phase 4.1.1 Post Placement Optimization
Post Placement Optimization Initialization | Checksum: 21690ec45

Phase 4.1.1.1 BUFG Insertion

Starting Physical Synthesis Task

Phase 1 Physical Synthesis Initialization
INFO: [Physopt 32-721] Multithreading enabled for phys_opt_design using a maximum of 2 CPUs
INFO: [Physopt 32-619] Estimated Timing Summary | WNS=2.683 | TNS=0.000 |
Phase 1 Physical Synthesis Initialization | Checksum: 257104e37

Time (s): cpu = 00:00:00 ; elapsed = 00:00:00.047 . Memory (MB): peak = 1499.477 ; gain = 0.000
INFO: [Place 46-56] BUFG insertion identified 0 candidate nets. Inserted BUFG: 0, Replicated BUFG Driver: 0, Skipped due to Placement/Routing Conflicts: 0, Skipped due to Timing Degradation: 0, Skipped due to Illegal Netlist: 0.
Ending Physical Synthesis Task | Checksum: 27c511075

Time (s): cpu = 00:00:00 ; elapsed = 00:00:00.050 . Memory (MB): peak = 1499.477 ; gain = 0.000
Phase 4.1.1.1 BUFG Insertion | Checksum: 21690ec45

Time (s): cpu = 00:00:07 ; elapsed = 00:00:05 . Memory (MB): peak = 1499.477 ; gain = 0.000
INFO: [Place 30-746] Post Placement Timing Summary WNS=2.683. For the most accurate timing information please run report_timing.

Time (s): cpu = 00:00:07 ; elapsed = 00:00:05 . Memory (MB): peak = 1499.477 ; gain = 0.000
Phase 4.1 Post Commit Optimization | Checksum: 1bc708dc7

Time (s): cpu = 00:00:07 ; elapsed = 00:00:05 . Memory (MB): peak = 1499.477 ; gain = 0.000

Phase 4.2 Post Placement Cleanup
Phase 4.2 Post Placement Cleanup | Checksum: 1bc708dc7

Time (s): cpu = 00:00:07 ; elapsed = 00:00:05 . Memory (MB): peak = 1499.477 ; gain = 0.000

Phase 4.3 Placer Reporting

Phase 4.3.1 Print Estimated Congestion
INFO: [Place 30-612] Post-Placement Estimated Congestion 
 ____________________________________________________
|           | Global Congestion | Short Congestion  |
| Direction | Region Size       | Region Size       |
|___________|___________________|___________________|
|      North|                1x1|                1x1|
|___________|___________________|___________________|
|      South|                1x1|                1x1|
|___________|___________________|___________________|
|       East|                1x1|                1x1|
|___________|___________________|___________________|
|       West|                1x1|                1x1|
|___________|___________________|___________________|

Phase 4.3.1 Print Estimated Congestion | Checksum: 1bc708dc7

Time (s): cpu = 00:00:07 ; elapsed = 00:00:05 . Memory (MB): peak = 1499.477 ; gain = 0.000
Phase 4.3 Placer Reporting | Checksum: 1bc708dc7

Time (s): cpu = 00:00:07 ; elapsed = 00:00:05 . Memory (MB): peak = 1499.477 ; gain = 0.000

Phase 4.4 Final Placement Cleanup
Netlist sorting complete. Time (s): cpu = 00:00:00 ; elapsed = 00:00:00.001 . Memory (MB): peak = 1499.477 ; gain = 0.000

Time (s): cpu = 00:00:07 ; elapsed = 00:00:05 . Memory (MB): peak = 1499.477 ; gain = 0.000
Phase 4 Post Placement Optimization and Clean-Up | Checksum: 15d871f50

Time (s): cpu = 00:00:07 ; elapsed = 00:00:05 . Memory (MB): peak = 1499.477 ; gain = 0.000
Ending Placer Task | Checksum: 12fd51cac

Time (s): cpu = 00:00:07 ; elapsed = 00:00:05 . Memory (MB): peak = 1499.477 ; gain = 0.000
INFO: [Common 17-83] Releasing license: Implementation
60 Infos, 0 Warnings, 0 Critical Warnings and 0 Errors encountered.
place_design completed successfully
place_design: Time (s): cpu = 00:00:11 ; elapsed = 00:00:07 . Memory (MB): peak = 1499.477 ; gain = 1.004
INFO: [Timing 38-480] Writing timing data to binary archive.
Writing placer database...
Writing XDEF routing.
Writing XDEF routing logical nets.
Writing XDEF routing special nets.
Write XDEF Complete: Time (s): cpu = 00:00:00 ; elapsed = 00:00:00.148 . Memory (MB): peak = 1499.477 ; gain = 0.000
INFO: [Common 17-1381] The checkpoint 'C:/Users/ernes/Desktop/Test/Test/work/vivado/Test/Test.runs/impl_1/au_top_0_placed.dcp' has been generated.
INFO: [runtcl-4] Executing : report_io -file au_top_0_io_placed.rpt
report_io: Time (s): cpu = 00:00:00 ; elapsed = 00:00:00.117 . Memory (MB): peak = 1499.477 ; gain = 0.000
INFO: [runtcl-4] Executing : report_utilization -file au_top_0_utilization_placed.rpt -pb au_top_0_utilization_placed.pb
INFO: [runtcl-4] Executing : report_control_sets -verbose -file au_top_0_control_sets_placed.rpt
report_control_sets: Time (s): cpu = 00:00:00 ; elapsed = 00:00:00.006 . Memory (MB): peak = 1499.477 ; gain = 0.000
Command: phys_opt_design
Attempting to get a license for feature 'Implementation' and/or device 'xc7a35t'
INFO: [Common 17-349] Got license for feature 'Implementation' and/or device 'xc7a35t'
INFO: [Vivado_Tcl 4-383] Design worst setup slack (WNS) is greater than or equal to 0.000 ns. Skipping all physical synthesis optimizations.
INFO: [Vivado_Tcl 4-232] No setup violation found. The netlist was not modified.
INFO: [Common 17-83] Releasing license: Implementation
69 Infos, 0 Warnings, 0 Critical Warnings and 0 Errors encountered.
phys_opt_design completed successfully
INFO: [Timing 38-480] Writing timing data to binary archive.
Writing placer database...
Writing XDEF routing.
Writing XDEF routing logical nets.
Writing XDEF routing special nets.
Write XDEF Complete: Time (s): cpu = 00:00:01 ; elapsed = 00:00:00.208 . Memory (MB): peak = 1499.477 ; gain = 0.000
INFO: [Common 17-1381] The checkpoint 'C:/Users/ernes/Desktop/Test/Test/work/vivado/Test/Test.runs/impl_1/au_top_0_physopt.dcp' has been generated.
Command: route_design
Attempting to get a license for feature 'Implementation' and/or device 'xc7a35t'
INFO: [Common 17-349] Got license for feature 'Implementation' and/or device 'xc7a35t'
Running DRC as a precondition to command route_design
INFO: [DRC 23-27] Running DRC with 2 threads
INFO: [Vivado_Tcl 4-198] DRC finished with 0 Errors
INFO: [Vivado_Tcl 4-199] Please refer to the DRC report (report_drc) for more information.


Starting Routing Task
INFO: [Route 35-254] Multithreading enabled for route_design using a maximum of 2 CPUs
Checksum: PlaceDB: ad132360 ConstDB: 0 ShapeSum: 82c1f94c RouteDB: 0

Phase 1 Build RT Design
Phase 1 Build RT Design | Checksum: b29ff2db

Time (s): cpu = 00:00:30 ; elapsed = 00:00:29 . Memory (MB): peak = 1587.418 ; gain = 76.875
Post Restoration Checksum: NetGraph: 2bd8d094 NumContArr: 86c72247 Constraints: 0 Timing: 0

Phase 2 Router Initialization

Phase 2.1 Create Timer
Phase 2.1 Create Timer | Checksum: b29ff2db

Time (s): cpu = 00:00:30 ; elapsed = 00:00:29 . Memory (MB): peak = 1587.418 ; gain = 76.875

Phase 2.2 Fix Topology Constraints
Phase 2.2 Fix Topology Constraints | Checksum: b29ff2db

Time (s): cpu = 00:00:30 ; elapsed = 00:00:29 . Memory (MB): peak = 1593.445 ; gain = 82.902

Phase 2.3 Pre Route Cleanup
Phase 2.3 Pre Route Cleanup | Checksum: b29ff2db

Time (s): cpu = 00:00:30 ; elapsed = 00:00:29 . Memory (MB): peak = 1593.445 ; gain = 82.902
 Number of Nodes with overlaps = 0

Phase 2.4 Update Timing
Phase 2.4 Update Timing | Checksum: 18db00a63

Time (s): cpu = 00:00:31 ; elapsed = 00:00:29 . Memory (MB): peak = 1599.363 ; gain = 88.820
INFO: [Route 35-416] Intermediate Timing Summary | WNS=2.739  | TNS=0.000  | WHS=-0.141 | THS=-4.808 |

Phase 2 Router Initialization | Checksum: 20835c9a0

Time (s): cpu = 00:00:31 ; elapsed = 00:00:29 . Memory (MB): peak = 1599.363 ; gain = 88.820

Router Utilization Summary
  Global Vertical Routing Utilization    = 0 %
  Global Horizontal Routing Utilization  = 0 %
  Routable Net Status*
  *Does not include unroutable nets such as driverless and loadless.
  Run report_route_status for detailed report.
  Number of Failed Nets               = 471
    (Failed Nets is the sum of unrouted and partially routed nets)
  Number of Unrouted Nets             = 471
  Number of Partially Routed Nets     = 0
  Number of Node Overlaps             = 0


Phase 3 Initial Routing

Phase 3.1 Global Routing
Phase 3.1 Global Routing | Checksum: 20835c9a0

Time (s): cpu = 00:00:31 ; elapsed = 00:00:29 . Memory (MB): peak = 1601.625 ; gain = 91.082
Phase 3 Initial Routing | Checksum: 1e71bee75

Time (s): cpu = 00:00:32 ; elapsed = 00:00:30 . Memory (MB): peak = 1601.625 ; gain = 91.082

Phase 4 Rip-up And Reroute

Phase 4.1 Global Iteration 0
 Number of Nodes with overlaps = 43
 Number of Nodes with overlaps = 8
 Number of Nodes with overlaps = 3
 Number of Nodes with overlaps = 1
 Number of Nodes with overlaps = 0
INFO: [Route 35-416] Intermediate Timing Summary | WNS=2.332  | TNS=0.000  | WHS=N/A    | THS=N/A    |

Phase 4.1 Global Iteration 0 | Checksum: 1d240be7b

Time (s): cpu = 00:00:32 ; elapsed = 00:00:30 . Memory (MB): peak = 1601.625 ; gain = 91.082

Phase 4.2 Global Iteration 1
 Number of Nodes with overlaps = 0
INFO: [Route 35-416] Intermediate Timing Summary | WNS=2.332  | TNS=0.000  | WHS=N/A    | THS=N/A    |

Phase 4.2 Global Iteration 1 | Checksum: 162b18e0e

Time (s): cpu = 00:00:32 ; elapsed = 00:00:30 . Memory (MB): peak = 1601.625 ; gain = 91.082
Phase 4 Rip-up And Reroute | Checksum: 162b18e0e

Time (s): cpu = 00:00:32 ; elapsed = 00:00:30 . Memory (MB): peak = 1601.625 ; gain = 91.082

Phase 5 Delay and Skew Optimization

Phase 5.1 Delay CleanUp
Phase 5.1 Delay CleanUp | Checksum: 162b18e0e

Time (s): cpu = 00:00:32 ; elapsed = 00:00:30 . Memory (MB): peak = 1601.625 ; gain = 91.082

Phase 5.2 Clock Skew Optimization
Phase 5.2 Clock Skew Optimization | Checksum: 162b18e0e

Time (s): cpu = 00:00:32 ; elapsed = 00:00:30 . Memory (MB): peak = 1601.625 ; gain = 91.082
Phase 5 Delay and Skew Optimization | Checksum: 162b18e0e

Time (s): cpu = 00:00:32 ; elapsed = 00:00:30 . Memory (MB): peak = 1601.625 ; gain = 91.082

Phase 6 Post Hold Fix

Phase 6.1 Hold Fix Iter

Phase 6.1.1 Update Timing
Phase 6.1.1 Update Timing | Checksum: 1333693b6

Time (s): cpu = 00:00:32 ; elapsed = 00:00:30 . Memory (MB): peak = 1601.625 ; gain = 91.082
INFO: [Route 35-416] Intermediate Timing Summary | WNS=2.412  | TNS=0.000  | WHS=0.116  | THS=0.000  |

Phase 6.1 Hold Fix Iter | Checksum: 1c351c70b

Time (s): cpu = 00:00:32 ; elapsed = 00:00:30 . Memory (MB): peak = 1601.625 ; gain = 91.082
Phase 6 Post Hold Fix | Checksum: 1c351c70b

Time (s): cpu = 00:00:32 ; elapsed = 00:00:30 . Memory (MB): peak = 1601.625 ; gain = 91.082

Phase 7 Route finalize

Router Utilization Summary
  Global Vertical Routing Utilization    = 0.154508 %
  Global Horizontal Routing Utilization  = 0.13912 %
  Routable Net Status*
  *Does not include unroutable nets such as driverless and loadless.
  Run report_route_status for detailed report.
  Number of Failed Nets               = 0
    (Failed Nets is the sum of unrouted and partially routed nets)
  Number of Unrouted Nets             = 0
  Number of Partially Routed Nets     = 0
  Number of Node Overlaps             = 0

Phase 7 Route finalize | Checksum: 1d7146c3e

Time (s): cpu = 00:00:32 ; elapsed = 00:00:30 . Memory (MB): peak = 1601.625 ; gain = 91.082

Phase 8 Verifying routed nets

 Verification completed successfully
Phase 8 Verifying routed nets | Checksum: 1d7146c3e

Time (s): cpu = 00:00:32 ; elapsed = 00:00:30 . Memory (MB): peak = 1602.262 ; gain = 91.719

Phase 9 Depositing Routes
Phase 9 Depositing Routes | Checksum: 267099b61

Time (s): cpu = 00:00:33 ; elapsed = 00:00:30 . Memory (MB): peak = 1602.262 ; gain = 91.719

Phase 10 Post Router Timing
INFO: [Route 35-57] Estimated Timing Summary | WNS=2.412  | TNS=0.000  | WHS=0.116  | THS=0.000  |

INFO: [Route 35-327] The final timing numbers are based on the router estimated timing analysis. For a complete and accurate timing signoff, please run report_timing_summary.
Phase 10 Post Router Timing | Checksum: 267099b61

Time (s): cpu = 00:00:33 ; elapsed = 00:00:30 . Memory (MB): peak = 1602.262 ; gain = 91.719
INFO: [Route 35-16] Router Completed Successfully

Time (s): cpu = 00:00:33 ; elapsed = 00:00:30 . Memory (MB): peak = 1602.262 ; gain = 91.719

Routing Is Done.
INFO: [Common 17-83] Releasing license: Implementation
84 Infos, 0 Warnings, 0 Critical Warnings and 0 Errors encountered.
route_design completed successfully
route_design: Time (s): cpu = 00:00:36 ; elapsed = 00:00:32 . Memory (MB): peak = 1602.262 ; gain = 102.785
INFO: [Timing 38-480] Writing timing data to binary archive.
Writing placer database...
Writing XDEF routing.
Writing XDEF routing logical nets.
Writing XDEF routing special nets.
Write XDEF Complete: Time (s): cpu = 00:00:00 ; elapsed = 00:00:00.240 . Memory (MB): peak = 1612.195 ; gain = 9.934
INFO: [Common 17-1381] The checkpoint 'C:/Users/ernes/Desktop/Test/Test/work/vivado/Test/Test.runs/impl_1/au_top_0_routed.dcp' has been generated.
INFO: [runtcl-4] Executing : report_drc -file au_top_0_drc_routed.rpt -pb au_top_0_drc_routed.pb -rpx au_top_0_drc_routed.rpx
Command: report_drc -file au_top_0_drc_routed.rpt -pb au_top_0_drc_routed.pb -rpx au_top_0_drc_routed.rpx
INFO: [IP_Flow 19-1839] IP Catalog is up to date.
INFO: [DRC 23-27] Running DRC with 2 threads
INFO: [Coretcl 2-168] The results of DRC are in file C:/Users/ernes/Desktop/Test/Test/work/vivado/Test/Test.runs/impl_1/au_top_0_drc_routed.rpt.
report_drc completed successfully
INFO: [runtcl-4] Executing : report_methodology -file au_top_0_methodology_drc_routed.rpt -pb au_top_0_methodology_drc_routed.pb -rpx au_top_0_methodology_drc_routed.rpx
Command: report_methodology -file au_top_0_methodology_drc_routed.rpt -pb au_top_0_methodology_drc_routed.pb -rpx au_top_0_methodology_drc_routed.rpx
INFO: [Timing 38-35] Done setting XDC timing constraints.
INFO: [DRC 23-133] Running Methodology with 2 threads
INFO: [Coretcl 2-1520] The results of Report Methodology are in file C:/Users/ernes/Desktop/Test/Test/work/vivado/Test/Test.runs/impl_1/au_top_0_methodology_drc_routed.rpt.
report_methodology completed successfully
INFO: [runtcl-4] Executing : report_power -file au_top_0_power_routed.rpt -pb au_top_0_power_summary_routed.pb -rpx au_top_0_power_routed.rpx
Command: report_power -file au_top_0_power_routed.rpt -pb au_top_0_power_summary_routed.pb -rpx au_top_0_power_routed.rpx
INFO: [Timing 38-35] Done setting XDC timing constraints.
Running Vector-less Activity Propagation...

Finished Running Vector-less Activity Propagation
96 Infos, 0 Warnings, 0 Critical Warnings and 0 Errors encountered.
report_power completed successfully
INFO: [runtcl-4] Executing : report_route_status -file au_top_0_route_status.rpt -pb au_top_0_route_status.pb
INFO: [runtcl-4] Executing : report_timing_summary -max_paths 10 -file au_top_0_timing_summary_routed.rpt -pb au_top_0_timing_summary_routed.pb -rpx au_top_0_timing_summary_routed.rpx -warn_on_violation 
INFO: [Timing 38-91] UpdateTimingParams: Speed grade: -1, Delay Type: min_max.
INFO: [Timing 38-191] Multithreading enabled for timing update using a maximum of 2 CPUs
INFO: [runtcl-4] Executing : report_incremental_reuse -file au_top_0_incremental_reuse_routed.rpt
INFO: [Vivado_Tcl 4-1062] Incremental flow is disabled. No incremental reuse Info to report.
INFO: [runtcl-4] Executing : report_clock_utilization -file au_top_0_clock_utilization_routed.rpt
INFO: [runtcl-4] Executing : report_bus_skew -warn_on_violation -file au_top_0_bus_skew_routed.rpt -pb au_top_0_bus_skew_routed.pb -rpx au_top_0_bus_skew_routed.rpx
INFO: [Timing 38-91] UpdateTimingParams: Speed grade: -1, Delay Type: min_max.
INFO: [Timing 38-191] Multithreading enabled for timing update using a maximum of 2 CPUs
Command: write_bitstream -force au_top_0.bit -bin_file
Attempting to get a license for feature 'Implementation' and/or device 'xc7a35t'
INFO: [Common 17-349] Got license for feature 'Implementation' and/or device 'xc7a35t'
Running DRC as a precondition to command write_bitstream
INFO: [IP_Flow 19-1839] IP Catalog is up to date.
INFO: [DRC 23-27] Running DRC with 2 threads
INFO: [Vivado 12-3199] DRC finished with 0 Errors
INFO: [Vivado 12-3200] Please refer to the DRC report (report_drc) for more information.
INFO: [Designutils 20-2272] Running write_bitstream with 2 threads.
Loading data files...
Loading site data...
Loading route data...
Processing options...
Creating bitmap...
Creating bitstream...
Bitstream compression saved 14599168 bits.
Writing bitstream ./au_top_0.bit...
Writing bitstream ./au_top_0.bin...
INFO: [Vivado 12-1842] Bitgen Completed Successfully.
INFO: [Project 1-120] WebTalk data collection is mandatory when using a WebPACK part without a full Vivado license. To see the specific WebTalk data collected for your design, open the usage_statistics_webtalk.html or usage_statistics_webtalk.xml file in the implementation directory.
INFO: [Common 17-186] 'C:/Users/ernes/Desktop/Test/Test/work/vivado/Test/Test.runs/impl_1/usage_statistics_webtalk.xml' has been successfully sent to Xilinx on Tue Apr 12 20:28:47 2022. For additional details about this file, please refer to the WebTalk help file at C:/Xilinx/Vivado/2020.2/doc/webtalk_introduction.html.
INFO: [Common 17-83] Releasing license: Implementation
13 Infos, 0 Warnings, 0 Critical Warnings and 0 Errors encountered.
write_bitstream completed successfully
write_bitstream: Time (s): cpu = 00:00:16 ; elapsed = 00:00:19 . Memory (MB): peak = 2071.910 ; gain = 424.137
INFO: [Common 17-206] Exiting Vivado at Tue Apr 12 20:28:47 2022...
[Tue Apr 12 20:28:52 2022] impl_1 finished
wait_on_run: Time (s): cpu = 00:00:00 ; elapsed = 00:01:56 . Memory (MB): peak = 999.828 ; gain = 0.000
INFO: [Common 17-206] Exiting Vivado at Tue Apr 12 20:28:52 2022...
Vivado exited.

Finished building project.
